<?xml version="1.0" encoding="UTF-8"?>
<testng-results skipped="0" failed="0" total="1" passed="1">
  <reporter-output>
  </reporter-output>
  <suite name="Default suite" duration-ms="11131" started-at="2017-01-22T21:40:53Z" finished-at="2017-01-22T21:41:04Z">
    <groups>
      <group name="regression">
        <method signature="DeleteComputer.deleteComputer(java.lang.String)[pri:0, instance:testcases.DeleteComputer@1928643]" name="deleteComputer" class="testcases.DeleteComputer"/>
      </group> <!-- regression -->
      <group name="smoke">
        <method signature="DeleteComputer.deleteComputer(java.lang.String)[pri:0, instance:testcases.DeleteComputer@1928643]" name="deleteComputer" class="testcases.DeleteComputer"/>
      </group> <!-- smoke -->
    </groups>
    <test name="Default test" duration-ms="11131" started-at="2017-01-22T21:40:53Z" finished-at="2017-01-22T21:41:04Z">
      <class name="testcases.DeleteComputer">
        <test-method status="PASS" signature="loginwrapper()[pri:0, instance:testcases.DeleteComputer@1928643]" name="loginwrapper" is-config="true" duration-ms="5504" started-at="2017-01-23T03:10:53Z" finished-at="2017-01-23T03:10:58Z">
          <reporter-output>
          </reporter-output>
        </test-method> <!-- loginwrapper -->
        <test-method status="PASS" signature="deleteComputer(java.lang.String)[pri:0, instance:testcases.DeleteComputer@1928643]" name="deleteComputer" duration-ms="4708" started-at="2017-01-23T03:10:58Z" data-provider="TestDataDeleteComputer" finished-at="2017-01-23T03:11:03Z">
          <params>
            <param index="0">
              <value>
                <![CDATA[macbook]]>
              </value>
            </param>
          </params>
          <reporter-output>
          </reporter-output>
        </test-method> <!-- deleteComputer -->
        <test-method status="PASS" signature="closeBrowser()[pri:0, instance:testcases.DeleteComputer@1928643]" name="closeBrowser" is-config="true" duration-ms="896" started-at="2017-01-23T03:11:03Z" finished-at="2017-01-23T03:11:04Z">
          <reporter-output>
          </reporter-output>
        </test-method> <!-- closeBrowser -->
      </class> <!-- testcases.DeleteComputer -->
    </test> <!-- Default test -->
  </suite> <!-- Default suite -->
</testng-results>
